Started GET "/" for 127.0.0.1 at 2023-06-27 01:42:51 +0500
  [1m[35m (29.3ms)[0m  [1m[35mCREATE TABLE "schema_migrations" ("version" character varying NOT NULL PRIMARY KEY)[0m
  [1m[35m (15.9ms)[0m  [1m[35mCREATE TABLE "ar_internal_metadata" ("key" character varying NOT NULL PRIMARY KEY, "value" character varying, "created_at" timestamp(6) NOT NULL, "updated_at" timestamp(6) NOT NULL)[0m
  [1m[36mActiveRecord::SchemaMigration Pluck (1.8ms)[0m  [1m[34mSELECT "schema_migrations"."version" FROM "schema_migrations" ORDER BY "schema_migrations"."version" ASC[0m
  
ActiveRecord::PendingMigrationError (

Migrations are pending. To resolve this issue, run:

        bin/rails db:migrate RAILS_ENV=development

You have 1 pending migration:

20230626204110_devise_create_users.rb


):
  
activerecord (7.0.5) lib/active_record/migration.rb:627:in `check_pending!'
activerecord (7.0.5) lib/active_record/migration.rb:592:in `block (2 levels) in call'
activesupport (7.0.5) lib/active_support/file_update_checker.rb:83:in `execute'
activerecord (7.0.5) lib/active_record/migration.rb:597:in `block in call'
activerecord (7.0.5) lib/active_record/migration.rb:589:in `synchronize'
activerecord (7.0.5) lib/active_record/migration.rb:589:in `call'
actionpack (7.0.5) lib/action_dispatch/middleware/callbacks.rb:27:in `block in call'
activesupport (7.0.5) lib/active_support/callbacks.rb:99:in `run_callbacks'
actionpack (7.0.5) lib/action_dispatch/middleware/callbacks.rb:26:in `call'
actionpack (7.0.5) lib/action_dispatch/middleware/executor.rb:14:in `call'
actionpack (7.0.5) lib/action_dispatch/middleware/actionable_exceptions.rb:17:in `call'
actionpack (7.0.5) lib/action_dispatch/middleware/debug_exceptions.rb:28:in `call'
web-console (4.2.0) lib/web_console/middleware.rb:132:in `call_app'
web-console (4.2.0) lib/web_console/middleware.rb:28:in `block in call'
web-console (4.2.0) lib/web_console/middleware.rb:17:in `catch'
web-console (4.2.0) lib/web_console/middleware.rb:17:in `call'
actionpack (7.0.5) lib/action_dispatch/middleware/show_exceptions.rb:26:in `call'
railties (7.0.5) lib/rails/rack/logger.rb:40:in `call_app'
railties (7.0.5) lib/rails/rack/logger.rb:25:in `block in call'
activesupport (7.0.5) lib/active_support/tagged_logging.rb:99:in `block in tagged'
activesupport (7.0.5) lib/active_support/tagged_logging.rb:37:in `tagged'
activesupport (7.0.5) lib/active_support/tagged_logging.rb:99:in `tagged'
railties (7.0.5) lib/rails/rack/logger.rb:25:in `call'
sprockets-rails (3.4.2) lib/sprockets/rails/quiet_assets.rb:13:in `call'
actionpack (7.0.5) lib/action_dispatch/middleware/remote_ip.rb:93:in `call'
actionpack (7.0.5) lib/action_dispatch/middleware/request_id.rb:26:in `call'
rack (2.2.7) lib/rack/method_override.rb:24:in `call'
rack (2.2.7) lib/rack/runtime.rb:22:in `call'
activesupport (7.0.5) lib/active_support/cache/strategy/local_cache_middleware.rb:29:in `call'
actionpack (7.0.5) lib/action_dispatch/middleware/server_timing.rb:61:in `block in call'
actionpack (7.0.5) lib/action_dispatch/middleware/server_timing.rb:26:in `collect_events'
actionpack (7.0.5) lib/action_dispatch/middleware/server_timing.rb:60:in `call'
actionpack (7.0.5) lib/action_dispatch/middleware/executor.rb:14:in `call'
actionpack (7.0.5) lib/action_dispatch/middleware/static.rb:23:in `call'
rack (2.2.7) lib/rack/sendfile.rb:110:in `call'
actionpack (7.0.5) lib/action_dispatch/middleware/host_authorization.rb:137:in `call'
railties (7.0.5) lib/rails/engine.rb:530:in `call'
puma (5.6.6) lib/puma/configuration.rb:252:in `call'
puma (5.6.6) lib/puma/request.rb:77:in `block in handle_request'
puma (5.6.6) lib/puma/thread_pool.rb:340:in `with_force_shutdown'
puma (5.6.6) lib/puma/request.rb:76:in `handle_request'
puma (5.6.6) lib/puma/server.rb:443:in `process_client'
puma (5.6.6) lib/puma/thread_pool.rb:147:in `block in spawn_thread'
Started POST "/rails/actions" for 127.0.0.1 at 2023-06-27 01:42:54 +0500
  [1m[35m (0.5ms)[0m  [1m[34mSELECT pg_try_advisory_lock(8272370091435100875)[0m
  [1m[36mActiveRecord::SchemaMigration Pluck (0.2ms)[0m  [1m[34mSELECT "schema_migrations"."version" FROM "schema_migrations" ORDER BY "schema_migrations"."version" ASC[0m
Migrating to DeviseCreateUsers (20230626204110)
  [1m[36mTRANSACTION (0.8ms)[0m  [1m[35mBEGIN[0m
  [1m[35m (19.8ms)[0m  [1m[35mCREATE TABLE "users" ("id" bigserial primary key, "email" character varying DEFAULT '' NOT NULL, "encrypted_password" character varying DEFAULT '' NOT NULL, "reset_password_token" character varying, "reset_password_sent_at" timestamp(6), "remember_created_at" timestamp(6), "created_at" timestamp(6) NOT NULL, "updated_at" timestamp(6) NOT NULL)[0m
  [1m[35m (6.1ms)[0m  [1m[35mCREATE UNIQUE INDEX "index_users_on_email" ON "users" ("email")[0m
  [1m[35m (3.3ms)[0m  [1m[35mCREATE UNIQUE INDEX "index_users_on_reset_password_token" ON "users" ("reset_password_token")[0m
  [1m[36mActiveRecord::SchemaMigration Create (0.5ms)[0m  [1m[32mINSERT INTO "schema_migrations" ("version") VALUES ($1) RETURNING "version"[0m  [["version", "20230626204110"]]
  [1m[36mTRANSACTION (1.4ms)[0m  [1m[35mCOMMIT[0m
  [1m[36mActiveRecord::InternalMetadata Load (0.4ms)[0m  [1m[34mSELECT "ar_internal_metadata".* FROM "ar_internal_metadata" WHERE "ar_internal_metadata"."key" = $1 LIMIT $2[0m  [["key", "environment"], ["LIMIT", 1]]
  [1m[36mTRANSACTION (0.6ms)[0m  [1m[35mBEGIN[0m
  [1m[36mActiveRecord::InternalMetadata Create (3.2ms)[0m  [1m[32mINSERT INTO "ar_internal_metadata" ("key", "value", "created_at", "updated_at") VALUES ($1, $2, $3, $4) RETURNING "key"[0m  [["key", "environment"], ["value", "development"], ["created_at", "2023-06-26 20:42:54.547957"], ["updated_at", "2023-06-26 20:42:54.547957"]]
  [1m[36mTRANSACTION (1.4ms)[0m  [1m[35mCOMMIT[0m
  [1m[35m (1.3ms)[0m  [1m[34mSELECT pg_advisory_unlock(8272370091435100875)[0m
  [1m[36mActiveRecord::SchemaMigration Pluck (0.5ms)[0m  [1m[34mSELECT "schema_migrations"."version" FROM "schema_migrations" ORDER BY "schema_migrations"."version" ASC[0m
Started GET "/" for 127.0.0.1 at 2023-06-27 01:42:54 +0500
  [1m[36mActiveRecord::SchemaMigration Pluck (0.2ms)[0m  [1m[34mSELECT "schema_migrations"."version" FROM "schema_migrations" ORDER BY "schema_migrations"."version" ASC[0m
  
ActionController::RoutingError (uninitialized constant HomeController):
  
Started GET "/" for 127.0.0.1 at 2023-06-27 01:57:45 +0500
  [1m[36mActiveRecord::SchemaMigration Pluck (0.6ms)[0m  [1m[34mSELECT "schema_migrations"."version" FROM "schema_migrations" ORDER BY "schema_migrations"."version" ASC[0m
  
ActionController::RoutingError (uninitialized constant HomeController):
  
Started GET "/users/sign_in" for ::1 at 2023-06-27 01:58:08 +0500
Processing by Devise::SessionsController#new as HTML
  Rendering layout layouts/application.html.erb
  Rendering devise/sessions/new.html.erb within layouts/application
  Rendered devise/shared/_links.html.erb (Duration: 8.3ms | Allocations: 711)
  Rendered devise/sessions/new.html.erb within layouts/application (Duration: 29.6ms | Allocations: 4571)
  Rendered layout layouts/application.html.erb (Duration: 367.9ms | Allocations: 90126)
Completed 200 OK in 418ms (Views: 372.4ms | ActiveRecord: 8.3ms | Allocations: 99665)


Started GET "/users/sign_up" for ::1 at 2023-06-27 01:58:21 +0500
Processing by Devise::RegistrationsController#new as HTML
  Rendering layout layouts/application.html.erb
  Rendering devise/registrations/new.html.erb within layouts/application
  Rendered devise/shared/_error_messages.html.erb (Duration: 24.1ms | Allocations: 233)
  Rendered devise/shared/_links.html.erb (Duration: 3.5ms | Allocations: 156)
  Rendered devise/registrations/new.html.erb within layouts/application (Duration: 51.7ms | Allocations: 2081)
  Rendered layout layouts/application.html.erb (Duration: 78.1ms | Allocations: 4292)
Completed 200 OK in 97ms (Views: 89.5ms | ActiveRecord: 0.0ms | Allocations: 5410)


Started GET "/" for 127.0.0.1 at 2023-06-27 02:01:26 +0500
  [1m[36mActiveRecord::SchemaMigration Pluck (0.7ms)[0m  [1m[34mSELECT "schema_migrations"."version" FROM "schema_migrations" ORDER BY "schema_migrations"."version" ASC[0m
Processing by PagesController#hello as HTML
  Rendering layout layouts/application.html.erb
  Rendering pages/hello.html.erb within layouts/application
  Rendered pages/hello.html.erb within layouts/application (Duration: 6.9ms | Allocations: 293)
  Rendered layout layouts/application.html.erb (Duration: 99.9ms | Allocations: 33061)
Completed 200 OK in 125ms (Views: 108.5ms | ActiveRecord: 0.0ms | Allocations: 37266)


Started GET "/users/sign_up" for ::1 at 2023-06-27 02:01:28 +0500
Processing by Devise::RegistrationsController#new as HTML
  Rendering layout layouts/application.html.erb
  Rendering devise/registrations/new.html.erb within layouts/application
  Rendered devise/shared/_error_messages.html.erb (Duration: 1.5ms | Allocations: 242)
  Rendered devise/shared/_links.html.erb (Duration: 1.6ms | Allocations: 602)
  Rendered devise/registrations/new.html.erb within layouts/application (Duration: 14.3ms | Allocations: 3843)
  Rendered layout layouts/application.html.erb (Duration: 19.6ms | Allocations: 6041)
Completed 200 OK in 58ms (Views: 22.0ms | ActiveRecord: 8.1ms | Allocations: 13143)


Started GET "/users/sign_in" for ::1 at 2023-06-27 02:01:29 +0500
Processing by Devise::SessionsController#new as HTML
  Rendering layout layouts/application.html.erb
  Rendering devise/sessions/new.html.erb within layouts/application
  Rendered devise/shared/_links.html.erb (Duration: 1.3ms | Allocations: 270)
  Rendered devise/sessions/new.html.erb within layouts/application (Duration: 16.4ms | Allocations: 2019)
  Rendered layout layouts/application.html.erb (Duration: 21.2ms | Allocations: 4209)
Completed 200 OK in 27ms (Views: 25.4ms | ActiveRecord: 0.0ms | Allocations: 5497)


Started GET "/" for 127.0.0.1 at 2023-06-27 02:04:37 +0500
Processing by PagesController#hello as HTML
  Rendering layout layouts/application.html.erb
  Rendering pages/hello.html.erb within layouts/application
  Rendered pages/hello.html.erb within layouts/application (Duration: 0.7ms | Allocations: 218)
  Rendered layout layouts/application.html.erb (Duration: 23.4ms | Allocations: 13329)
Completed 200 OK in 26ms (Views: 25.1ms | ActiveRecord: 0.0ms | Allocations: 14298)


Started GET "/users/sign_in" for 127.0.0.1 at 2023-06-27 02:04:39 +0500
Processing by Devise::SessionsController#new as HTML
  Rendering layout layouts/application.html.erb
  Rendering devise/sessions/new.html.erb within layouts/application
  Rendered devise/shared/_links.html.erb (Duration: 1.5ms | Allocations: 583)
  Rendered devise/sessions/new.html.erb within layouts/application (Duration: 5.2ms | Allocations: 2145)
  Rendered layout layouts/application.html.erb (Duration: 9.0ms | Allocations: 4334)
Completed 200 OK in 21ms (Views: 11.2ms | ActiveRecord: 4.1ms | Allocations: 7829)


Started GET "/users/sign_up" for 127.0.0.1 at 2023-06-27 02:04:43 +0500
Processing by Devise::RegistrationsController#new as HTML
  Rendering layout layouts/application.html.erb
  Rendering devise/registrations/new.html.erb within layouts/application
  Rendered devise/shared/_error_messages.html.erb (Duration: 0.6ms | Allocations: 224)
  Rendered devise/shared/_links.html.erb (Duration: 0.2ms | Allocations: 99)
  Rendered devise/registrations/new.html.erb within layouts/application (Duration: 3.9ms | Allocations: 1914)
  Rendered layout layouts/application.html.erb (Duration: 7.5ms | Allocations: 4111)
Completed 200 OK in 12ms (Views: 9.1ms | ActiveRecord: 0.0ms | Allocations: 5162)


Started GET "/" for 127.0.0.1 at 2023-06-27 02:08:06 +0500
  [1m[36mActiveRecord::SchemaMigration Pluck (0.9ms)[0m  [1m[34mSELECT "schema_migrations"."version" FROM "schema_migrations" ORDER BY "schema_migrations"."version" ASC[0m
Processing by PagesController#hello as HTML
  Rendering layout layouts/application.html.erb
  Rendering pages/hello.html.erb within layouts/application
  Rendered pages/hello.html.erb within layouts/application (Duration: 3.1ms | Allocations: 463)
  Rendered layout layouts/application.html.erb (Duration: 91.6ms | Allocations: 33244)
Completed 200 OK in 106ms (Views: 96.4ms | ActiveRecord: 0.0ms | Allocations: 37544)


Started GET "/users/sign_up" for 127.0.0.1 at 2023-06-27 02:08:08 +0500
Processing by Devise::RegistrationsController#new as HTML
  Rendering layout layouts/application.html.erb
  Rendering devise/registrations/new.html.erb within layouts/application
  Rendered devise/shared/_error_messages.html.erb (Duration: 0.7ms | Allocations: 242)
  Rendered devise/shared/_links.html.erb (Duration: 1.6ms | Allocations: 597)
  Rendered devise/registrations/new.html.erb within layouts/application (Duration: 11.5ms | Allocations: 3872)
  Rendered layout layouts/application.html.erb (Duration: 15.3ms | Allocations: 6070)
Completed 200 OK in 39ms (Views: 17.3ms | ActiveRecord: 4.8ms | Allocations: 13079)


Started GET "/" for 127.0.0.1 at 2023-06-27 02:08:10 +0500
Processing by PagesController#hello as HTML
  Rendering layout layouts/application.html.erb
  Rendering pages/hello.html.erb within layouts/application
  Rendered pages/hello.html.erb within layouts/application (Duration: 0.2ms | Allocations: 45)
  Rendered layout layouts/application.html.erb (Duration: 6.3ms | Allocations: 2323)
Completed 200 OK in 8ms (Views: 7.3ms | ActiveRecord: 0.0ms | Allocations: 2623)


Started GET "/users/sign_up" for 127.0.0.1 at 2023-06-27 02:08:11 +0500
Processing by Devise::RegistrationsController#new as HTML
  Rendering layout layouts/application.html.erb
  Rendering devise/registrations/new.html.erb within layouts/application
  Rendered devise/shared/_error_messages.html.erb (Duration: 0.1ms | Allocations: 14)
  Rendered devise/shared/_links.html.erb (Duration: 0.3ms | Allocations: 78)
  Rendered devise/registrations/new.html.erb within layouts/application (Duration: 3.5ms | Allocations: 1215)
  Rendered layout layouts/application.html.erb (Duration: 8.7ms | Allocations: 3335)
Completed 200 OK in 11ms (Views: 9.8ms | ActiveRecord: 0.0ms | Allocations: 3880)


Started GET "/" for 127.0.0.1 at 2023-06-27 02:08:12 +0500
Processing by PagesController#hello as HTML
  Rendering layout layouts/application.html.erb
  Rendering pages/hello.html.erb within layouts/application
  Rendered pages/hello.html.erb within layouts/application (Duration: 0.2ms | Allocations: 45)
  Rendered layout layouts/application.html.erb (Duration: 8.8ms | Allocations: 2317)
Completed 200 OK in 11ms (Views: 10.1ms | ActiveRecord: 0.0ms | Allocations: 2614)


Started GET "/users/sign_in" for 127.0.0.1 at 2023-06-27 02:08:16 +0500
Processing by Devise::SessionsController#new as HTML
  Rendering layout layouts/application.html.erb
  Rendering devise/sessions/new.html.erb within layouts/application
  Rendered devise/shared/_links.html.erb (Duration: 1.1ms | Allocations: 273)
  Rendered devise/sessions/new.html.erb within layouts/application (Duration: 8.4ms | Allocations: 2022)
  Rendered layout layouts/application.html.erb (Duration: 12.4ms | Allocations: 4211)
Completed 200 OK in 19ms (Views: 16.6ms | ActiveRecord: 0.0ms | Allocations: 5502)


Started GET "/users/sign_in" for 127.0.0.1 at 2023-06-27 02:08:50 +0500
Processing by Devise::SessionsController#new as HTML
  Rendering layout layouts/application.html.erb
  Rendering devise/sessions/new.html.erb within layouts/application
  Rendered devise/shared/_links.html.erb (Duration: 2.0ms | Allocations: 569)
  Rendered devise/sessions/new.html.erb within layouts/application (Duration: 7.5ms | Allocations: 2088)
  Rendered layout layouts/application.html.erb (Duration: 16.9ms | Allocations: 4503)
Completed 200 OK in 22ms (Views: 20.5ms | ActiveRecord: 0.0ms | Allocations: 5761)


Started GET "/users/sign_up" for 127.0.0.1 at 2023-06-27 02:08:53 +0500
Processing by Devise::RegistrationsController#new as HTML
  Rendering layout layouts/application.html.erb
  Rendering devise/registrations/new.html.erb within layouts/application
  Rendered devise/shared/_error_messages.html.erb (Duration: 1.3ms | Allocations: 224)
  Rendered devise/shared/_links.html.erb (Duration: 0.4ms | Allocations: 88)
  Rendered devise/registrations/new.html.erb within layouts/application (Duration: 8.1ms | Allocations: 1938)
  Rendered layout layouts/application.html.erb (Duration: 24.3ms | Allocations: 4132)
Completed 200 OK in 27ms (Views: 26.4ms | ActiveRecord: 0.0ms | Allocations: 4997)


Started GET "/" for 127.0.0.1 at 2023-06-27 02:08:54 +0500
Processing by PagesController#hello as HTML
  Rendering layout layouts/application.html.erb
  Rendering pages/hello.html.erb within layouts/application
  Rendered pages/hello.html.erb within layouts/application (Duration: 1.4ms | Allocations: 209)
  Rendered layout layouts/application.html.erb (Duration: 9.4ms | Allocations: 2567)
Completed 200 OK in 13ms (Views: 12.0ms | ActiveRecord: 0.0ms | Allocations: 3181)


Started GET "/" for 127.0.0.1 at 2023-06-27 02:08:58 +0500
Processing by PagesController#hello as HTML
  Rendering layout layouts/application.html.erb
  Rendering pages/hello.html.erb within layouts/application
  Rendered pages/hello.html.erb within layouts/application (Duration: 0.2ms | Allocations: 45)
  Rendered layout layouts/application.html.erb (Duration: 5.8ms | Allocations: 2310)
Completed 200 OK in 7ms (Views: 6.6ms | ActiveRecord: 0.0ms | Allocations: 2606)


Started GET "/users/sign_in" for 127.0.0.1 at 2023-06-27 02:08:59 +0500
Processing by Devise::SessionsController#new as HTML
  Rendering layout layouts/application.html.erb
  Rendering devise/sessions/new.html.erb within layouts/application
  Rendered devise/shared/_links.html.erb (Duration: 1.0ms | Allocations: 132)
  Rendered devise/sessions/new.html.erb within layouts/application (Duration: 4.1ms | Allocations: 1209)
  Rendered layout layouts/application.html.erb (Duration: 10.2ms | Allocations: 3320)
Completed 200 OK in 12ms (Views: 11.0ms | ActiveRecord: 0.0ms | Allocations: 3925)


Started GET "/users/sign_in" for 127.0.0.1 at 2023-06-27 02:09:01 +0500
Processing by Devise::SessionsController#new as HTML
  Rendering layout layouts/application.html.erb
  Rendering devise/sessions/new.html.erb within layouts/application
  Rendered devise/shared/_links.html.erb (Duration: 0.3ms | Allocations: 132)
  Rendered devise/sessions/new.html.erb within layouts/application (Duration: 2.5ms | Allocations: 1209)
  Rendered layout layouts/application.html.erb (Duration: 10.1ms | Allocations: 3320)
Completed 200 OK in 12ms (Views: 10.8ms | ActiveRecord: 0.0ms | Allocations: 3912)


Started GET "/users/sign_in" for 127.0.0.1 at 2023-06-27 02:09:02 +0500
Processing by Devise::SessionsController#new as HTML
  Rendering layout layouts/application.html.erb
  Rendering devise/sessions/new.html.erb within layouts/application
  Rendered devise/shared/_links.html.erb (Duration: 0.2ms | Allocations: 132)
  Rendered devise/sessions/new.html.erb within layouts/application (Duration: 2.3ms | Allocations: 1209)
  Rendered layout layouts/application.html.erb (Duration: 9.2ms | Allocations: 3320)
Completed 200 OK in 11ms (Views: 9.8ms | ActiveRecord: 0.0ms | Allocations: 3936)


Started GET "/" for 127.0.0.1 at 2023-06-27 02:09:05 +0500
Processing by PagesController#hello as HTML
  Rendering layout layouts/application.html.erb
  Rendering pages/hello.html.erb within layouts/application
  Rendered pages/hello.html.erb within layouts/application (Duration: 0.2ms | Allocations: 45)
  Rendered layout layouts/application.html.erb (Duration: 6.2ms | Allocations: 2340)
Completed 200 OK in 8ms (Views: 7.1ms | ActiveRecord: 0.0ms | Allocations: 2635)


Started GET "/users/sign_in" for 127.0.0.1 at 2023-06-27 02:09:06 +0500
Processing by Devise::SessionsController#new as HTML
  Rendering layout layouts/application.html.erb
  Rendering devise/sessions/new.html.erb within layouts/application
  Rendered devise/shared/_links.html.erb (Duration: 0.4ms | Allocations: 132)
  Rendered devise/sessions/new.html.erb within layouts/application (Duration: 5.4ms | Allocations: 1209)
  Rendered layout layouts/application.html.erb (Duration: 13.0ms | Allocations: 3320)
Completed 200 OK in 16ms (Views: 14.8ms | ActiveRecord: 0.0ms | Allocations: 3926)


Started GET "/users/sign_in" for 127.0.0.1 at 2023-06-27 02:10:03 +0500
Processing by Devise::SessionsController#new as HTML
  Rendering layout layouts/application.html.erb
  Rendering devise/sessions/new.html.erb within layouts/application
  Rendered devise/shared/_links.html.erb (Duration: 3.1ms | Allocations: 569)
  Rendered devise/sessions/new.html.erb within layouts/application (Duration: 9.7ms | Allocations: 2148)
  Rendered layout layouts/application.html.erb (Duration: 34.5ms | Allocations: 4594)
Completed 200 OK in 38ms (Views: 37.2ms | ActiveRecord: 0.0ms | Allocations: 5847)


Started GET "/" for 127.0.0.1 at 2023-06-27 02:10:26 +0500
Processing by PagesController#hello as HTML
  Rendering layout layouts/application.html.erb
  Rendering pages/hello.html.erb within layouts/application
  Rendered pages/hello.html.erb within layouts/application (Duration: 0.9ms | Allocations: 213)
  Rendered layout layouts/application.html.erb (Duration: 6.5ms | Allocations: 2823)
Completed 200 OK in 12ms (Views: 8.2ms | ActiveRecord: 0.0ms | Allocations: 3693)


Started GET "/users/sign_in" for 127.0.0.1 at 2023-06-27 02:10:27 +0500
Processing by Devise::SessionsController#new as HTML
  Rendering layout layouts/application.html.erb
  Rendering devise/sessions/new.html.erb within layouts/application
  Rendered devise/shared/_links.html.erb (Duration: 1.7ms | Allocations: 569)
  Rendered devise/sessions/new.html.erb within layouts/application (Duration: 16.6ms | Allocations: 2144)
  Rendered layout layouts/application.html.erb (Duration: 21.2ms | Allocations: 4331)
Completed 200 OK in 26ms (Views: 24.9ms | ActiveRecord: 0.0ms | Allocations: 5343)


Started GET "/" for 127.0.0.1 at 2023-06-27 02:10:30 +0500
Processing by PagesController#hello as HTML
  Rendering layout layouts/application.html.erb
  Rendering pages/hello.html.erb within layouts/application
  Rendered pages/hello.html.erb within layouts/application (Duration: 3.8ms | Allocations: 45)
  Rendered layout layouts/application.html.erb (Duration: 13.6ms | Allocations: 2313)
Completed 200 OK in 17ms (Views: 15.5ms | ActiveRecord: 0.0ms | Allocations: 2612)


Started GET "/users/sign_up" for 127.0.0.1 at 2023-06-27 02:10:31 +0500
Processing by Devise::RegistrationsController#new as HTML
  Rendering layout layouts/application.html.erb
  Rendering devise/registrations/new.html.erb within layouts/application
  Rendered devise/shared/_error_messages.html.erb (Duration: 8.0ms | Allocations: 224)
  Rendered devise/shared/_links.html.erb (Duration: 0.2ms | Allocations: 88)
  Rendered devise/registrations/new.html.erb within layouts/application (Duration: 12.4ms | Allocations: 1939)
  Rendered layout layouts/application.html.erb (Duration: 20.5ms | Allocations: 4133)
Completed 200 OK in 26ms (Views: 23.9ms | ActiveRecord: 0.0ms | Allocations: 5003)


Started GET "/" for 127.0.0.1 at 2023-06-27 02:10:32 +0500
Processing by PagesController#hello as HTML
  Rendering layout layouts/application.html.erb
  Rendering pages/hello.html.erb within layouts/application
  Rendered pages/hello.html.erb within layouts/application (Duration: 0.2ms | Allocations: 45)
  Rendered layout layouts/application.html.erb (Duration: 8.7ms | Allocations: 2334)
Completed 200 OK in 14ms (Views: 11.4ms | ActiveRecord: 0.0ms | Allocations: 2630)


Started GET "/users/sign_in" for 127.0.0.1 at 2023-06-27 02:10:33 +0500
Processing by Devise::SessionsController#new as HTML
  Rendering layout layouts/application.html.erb
  Rendering devise/sessions/new.html.erb within layouts/application
  Rendered devise/shared/_links.html.erb (Duration: 0.5ms | Allocations: 132)
  Rendered devise/sessions/new.html.erb within layouts/application (Duration: 6.7ms | Allocations: 1237)
  Rendered layout layouts/application.html.erb (Duration: 14.8ms | Allocations: 3348)
Completed 200 OK in 18ms (Views: 16.2ms | ActiveRecord: 0.0ms | Allocations: 3948)


Started GET "/" for 127.0.0.1 at 2023-06-27 02:10:35 +0500
Processing by PagesController#hello as HTML
  Rendering layout layouts/application.html.erb
  Rendering pages/hello.html.erb within layouts/application
  Rendered pages/hello.html.erb within layouts/application (Duration: 0.1ms | Allocations: 45)
  Rendered layout layouts/application.html.erb (Duration: 5.5ms | Allocations: 2316)
Completed 200 OK in 7ms (Views: 6.6ms | ActiveRecord: 0.0ms | Allocations: 2611)


Started GET "/users/sign_up" for 127.0.0.1 at 2023-06-27 02:10:35 +0500
Processing by Devise::RegistrationsController#new as HTML
  Rendering layout layouts/application.html.erb
  Rendering devise/registrations/new.html.erb within layouts/application
  Rendered devise/shared/_error_messages.html.erb (Duration: 0.1ms | Allocations: 14)
  Rendered devise/shared/_links.html.erb (Duration: 0.5ms | Allocations: 78)
  Rendered devise/registrations/new.html.erb within layouts/application (Duration: 4.9ms | Allocations: 1215)
  Rendered layout layouts/application.html.erb (Duration: 15.9ms | Allocations: 3334)
Completed 200 OK in 19ms (Views: 17.2ms | ActiveRecord: 0.0ms | Allocations: 3868)


Started GET "/" for 127.0.0.1 at 2023-06-27 02:10:37 +0500
Processing by PagesController#hello as HTML
  Rendering layout layouts/application.html.erb
  Rendering pages/hello.html.erb within layouts/application
  Rendered pages/hello.html.erb within layouts/application (Duration: 0.2ms | Allocations: 45)
  Rendered layout layouts/application.html.erb (Duration: 6.6ms | Allocations: 2325)
Completed 200 OK in 10ms (Views: 9.2ms | ActiveRecord: 0.0ms | Allocations: 2620)


Started GET "/" for 127.0.0.1 at 2023-06-27 13:59:38 +0500
  [1m[36mActiveRecord::SchemaMigration Pluck (1.6ms)[0m  [1m[34mSELECT "schema_migrations"."version" FROM "schema_migrations" ORDER BY "schema_migrations"."version" ASC[0m
Processing by PagesController#hello as HTML
  Rendering layout layouts/application.html.erb
  Rendering pages/hello.html.erb within layouts/application
  Rendered pages/hello.html.erb within layouts/application (Duration: 1.7ms | Allocations: 463)
  Rendered layout layouts/application.html.erb (Duration: 137.2ms | Allocations: 35099)
Completed 200 OK in 179ms (Views: 151.8ms | ActiveRecord: 0.0ms | Allocations: 39818)


Started GET "/" for ::1 at 2023-06-27 14:10:48 +0500
  [1m[36mActiveRecord::SchemaMigration Pluck (2.2ms)[0m  [1m[34mSELECT "schema_migrations"."version" FROM "schema_migrations" ORDER BY "schema_migrations"."version" ASC[0m
Processing by PagesController#hello as HTML
  Rendering layout layouts/application.html.erb
  Rendering pages/hello.html.erb within layouts/application
  Rendered pages/hello.html.erb within layouts/application (Duration: 1.6ms | Allocations: 463)
  Rendered layout layouts/application.html.erb (Duration: 119.4ms | Allocations: 33091)
Completed 200 OK in 144ms (Views: 128.0ms | ActiveRecord: 0.0ms | Allocations: 37394)


Started GET "/users/sign_in" for ::1 at 2023-06-27 14:10:50 +0500
Processing by Devise::SessionsController#new as HTML
  Rendering layout layouts/application.html.erb
  Rendering devise/sessions/new.html.erb within layouts/application
  Rendered devise/shared/_links.html.erb (Duration: 2.4ms | Allocations: 715)
  Rendered devise/sessions/new.html.erb within layouts/application (Duration: 16.9ms | Allocations: 3799)
  Rendered layout layouts/application.html.erb (Duration: 23.1ms | Allocations: 5989)
Completed 200 OK in 58ms (Views: 25.4ms | ActiveRecord: 8.3ms | Allocations: 13325)


Started GET "/users/sign_up" for ::1 at 2023-06-27 14:10:54 +0500
Processing by Devise::RegistrationsController#new as HTML
  Rendering layout layouts/application.html.erb
  Rendering devise/registrations/new.html.erb within layouts/application
  Rendered devise/shared/_error_messages.html.erb (Duration: 0.7ms | Allocations: 234)
  Rendered devise/shared/_links.html.erb (Duration: 0.5ms | Allocations: 156)
  Rendered devise/registrations/new.html.erb within layouts/application (Duration: 5.4ms | Allocations: 2137)
  Rendered layout layouts/application.html.erb (Duration: 9.9ms | Allocations: 4335)
Completed 200 OK in 19ms (Views: 17.4ms | ActiveRecord: 0.0ms | Allocations: 5391)


Started GET "/" for ::1 at 2023-06-27 14:10:58 +0500
Processing by PagesController#hello as HTML
  Rendering layout layouts/application.html.erb
  Rendering pages/hello.html.erb within layouts/application
  Rendered pages/hello.html.erb within layouts/application (Duration: 0.1ms | Allocations: 45)
  Rendered layout layouts/application.html.erb (Duration: 8.8ms | Allocations: 2316)
Completed 200 OK in 10ms (Views: 9.6ms | ActiveRecord: 0.0ms | Allocations: 2613)


Started GET "/users/sign_up" for ::1 at 2023-06-27 14:10:59 +0500
Processing by Devise::RegistrationsController#new as HTML
  Rendering layout layouts/application.html.erb
  Rendering devise/registrations/new.html.erb within layouts/application
  Rendered devise/shared/_error_messages.html.erb (Duration: 0.2ms | Allocations: 14)
  Rendered devise/shared/_links.html.erb (Duration: 0.3ms | Allocations: 78)
  Rendered devise/registrations/new.html.erb within layouts/application (Duration: 7.3ms | Allocations: 1215)
  Rendered layout layouts/application.html.erb (Duration: 13.4ms | Allocations: 3335)
Completed 200 OK in 20ms (Views: 16.1ms | ActiveRecord: 0.0ms | Allocations: 3886)


Started GET "/" for ::1 at 2023-06-27 14:11:01 +0500
Processing by PagesController#hello as HTML
  Rendering layout layouts/application.html.erb
  Rendering pages/hello.html.erb within layouts/application
  Rendered pages/hello.html.erb within layouts/application (Duration: 0.2ms | Allocations: 45)
  Rendered layout layouts/application.html.erb (Duration: 6.6ms | Allocations: 2328)
Completed 200 OK in 8ms (Views: 7.5ms | ActiveRecord: 0.0ms | Allocations: 2623)


Started GET "/users/sign_up" for ::1 at 2023-06-27 14:11:02 +0500
Processing by Devise::RegistrationsController#new as HTML
  Rendering layout layouts/application.html.erb
  Rendering devise/registrations/new.html.erb within layouts/application
  Rendered devise/shared/_error_messages.html.erb (Duration: 0.1ms | Allocations: 14)
  Rendered devise/shared/_links.html.erb (Duration: 0.2ms | Allocations: 78)
  Rendered devise/registrations/new.html.erb within layouts/application (Duration: 3.7ms | Allocations: 1215)
  Rendered layout layouts/application.html.erb (Duration: 17.2ms | Allocations: 3335)
Completed 200 OK in 22ms (Views: 18.8ms | ActiveRecord: 0.0ms | Allocations: 3862)


Started GET "/" for ::1 at 2023-06-27 14:11:04 +0500
Processing by PagesController#hello as HTML
  Rendering layout layouts/application.html.erb
  Rendering pages/hello.html.erb within layouts/application
  Rendered pages/hello.html.erb within layouts/application (Duration: 0.3ms | Allocations: 45)
  Rendered layout layouts/application.html.erb (Duration: 10.4ms | Allocations: 2349)
Completed 200 OK in 13ms (Views: 11.9ms | ActiveRecord: 0.0ms | Allocations: 2644)


Started GET "/users/sign_in" for ::1 at 2023-06-27 14:11:05 +0500
Processing by Devise::SessionsController#new as HTML
  Rendering layout layouts/application.html.erb
  Rendering devise/sessions/new.html.erb within layouts/application
  Rendered devise/shared/_links.html.erb (Duration: 1.1ms | Allocations: 132)
  Rendered devise/sessions/new.html.erb within layouts/application (Duration: 8.2ms | Allocations: 1237)
  Rendered layout layouts/application.html.erb (Duration: 16.7ms | Allocations: 3348)
Completed 200 OK in 21ms (Views: 18.4ms | ActiveRecord: 0.0ms | Allocations: 3958)


Started GET "/users/password/new" for ::1 at 2023-06-27 14:11:06 +0500
Processing by Devise::PasswordsController#new as HTML
  Rendering layout layouts/application.html.erb
  Rendering devise/passwords/new.html.erb within layouts/application
  Rendered devise/shared/_error_messages.html.erb (Duration: 0.1ms | Allocations: 16)
  Rendered devise/shared/_links.html.erb (Duration: 0.4ms | Allocations: 147)
  Rendered devise/passwords/new.html.erb within layouts/application (Duration: 3.5ms | Allocations: 1194)
  Rendered layout layouts/application.html.erb (Duration: 7.7ms | Allocations: 3391)
Completed 200 OK in 18ms (Views: 16.6ms | ActiveRecord: 0.0ms | Allocations: 4376)


Started GET "/users/sign_up" for ::1 at 2023-06-27 14:11:14 +0500
Processing by Devise::RegistrationsController#new as HTML
  Rendering layout layouts/application.html.erb
  Rendering devise/registrations/new.html.erb within layouts/application
  Rendered devise/shared/_error_messages.html.erb (Duration: 0.1ms | Allocations: 14)
  Rendered devise/shared/_links.html.erb (Duration: 0.3ms | Allocations: 78)
  Rendered devise/registrations/new.html.erb within layouts/application (Duration: 4.9ms | Allocations: 1215)
  Rendered layout layouts/application.html.erb (Duration: 8.5ms | Allocations: 3334)
Completed 200 OK in 11ms (Views: 9.4ms | ActiveRecord: 0.0ms | Allocations: 3880)


Started GET "/users/sign_in" for ::1 at 2023-06-27 14:11:16 +0500
Processing by Devise::SessionsController#new as HTML
  Rendering layout layouts/application.html.erb
  Rendering devise/sessions/new.html.erb within layouts/application
  Rendered devise/shared/_links.html.erb (Duration: 0.9ms | Allocations: 132)
  Rendered devise/sessions/new.html.erb within layouts/application (Duration: 9.4ms | Allocations: 1237)
  Rendered layout layouts/application.html.erb (Duration: 16.1ms | Allocations: 3348)
Completed 200 OK in 20ms (Views: 17.5ms | ActiveRecord: 0.0ms | Allocations: 3943)


Started GET "/users/sign_up" for ::1 at 2023-06-27 14:11:18 +0500
Processing by Devise::RegistrationsController#new as HTML
  Rendering layout layouts/application.html.erb
  Rendering devise/registrations/new.html.erb within layouts/application
  Rendered devise/shared/_error_messages.html.erb (Duration: 0.1ms | Allocations: 14)
  Rendered devise/shared/_links.html.erb (Duration: 0.7ms | Allocations: 78)
  Rendered devise/registrations/new.html.erb within layouts/application (Duration: 4.1ms | Allocations: 1215)
  Rendered layout layouts/application.html.erb (Duration: 12.4ms | Allocations: 3334)
Completed 200 OK in 14ms (Views: 13.2ms | ActiveRecord: 0.0ms | Allocations: 3864)


Started GET "/users/sign_in" for ::1 at 2023-06-27 14:11:19 +0500
Processing by Devise::SessionsController#new as HTML
  Rendering layout layouts/application.html.erb
  Rendering devise/sessions/new.html.erb within layouts/application
  Rendered devise/shared/_links.html.erb (Duration: 0.4ms | Allocations: 132)
  Rendered devise/sessions/new.html.erb within layouts/application (Duration: 5.7ms | Allocations: 1237)
  Rendered layout layouts/application.html.erb (Duration: 14.2ms | Allocations: 3348)
Completed 200 OK in 21ms (Views: 16.7ms | ActiveRecord: 0.0ms | Allocations: 3961)


Started GET "/users/sign_up" for ::1 at 2023-06-27 14:11:20 +0500
Processing by Devise::RegistrationsController#new as HTML
  Rendering layout layouts/application.html.erb
  Rendering devise/registrations/new.html.erb within layouts/application
  Rendered devise/shared/_error_messages.html.erb (Duration: 0.1ms | Allocations: 14)
  Rendered devise/shared/_links.html.erb (Duration: 0.9ms | Allocations: 78)
  Rendered devise/registrations/new.html.erb within layouts/application (Duration: 5.2ms | Allocations: 1215)
  Rendered layout layouts/application.html.erb (Duration: 11.3ms | Allocations: 3334)
Completed 200 OK in 15ms (Views: 12.0ms | ActiveRecord: 0.0ms | Allocations: 3870)


Started GET "/users/sign_in" for ::1 at 2023-06-27 14:11:21 +0500
Processing by Devise::SessionsController#new as HTML
  Rendering layout layouts/application.html.erb
  Rendering devise/sessions/new.html.erb within layouts/application
  Rendered devise/shared/_links.html.erb (Duration: 0.7ms | Allocations: 132)
  Rendered devise/sessions/new.html.erb within layouts/application (Duration: 4.3ms | Allocations: 1237)
  Rendered layout layouts/application.html.erb (Duration: 24.6ms | Allocations: 3348)
Completed 200 OK in 28ms (Views: 25.9ms | ActiveRecord: 0.0ms | Allocations: 3954)


Started GET "/users/sign_up" for ::1 at 2023-06-27 14:11:22 +0500
Processing by Devise::RegistrationsController#new as HTML
  Rendering layout layouts/application.html.erb
  Rendering devise/registrations/new.html.erb within layouts/application
  Rendered devise/shared/_error_messages.html.erb (Duration: 0.1ms | Allocations: 14)
  Rendered devise/shared/_links.html.erb (Duration: 0.3ms | Allocations: 78)
  Rendered devise/registrations/new.html.erb within layouts/application (Duration: 12.0ms | Allocations: 1215)
  Rendered layout layouts/application.html.erb (Duration: 16.5ms | Allocations: 3349)
Completed 200 OK in 21ms (Views: 18.1ms | ActiveRecord: 0.0ms | Allocations: 3884)


Started GET "/users/sign_in" for ::1 at 2023-06-27 14:11:23 +0500
Processing by Devise::SessionsController#new as HTML
  Rendering layout layouts/application.html.erb
  Rendering devise/sessions/new.html.erb within layouts/application
  Rendered devise/shared/_links.html.erb (Duration: 0.3ms | Allocations: 132)
  Rendered devise/sessions/new.html.erb within layouts/application (Duration: 4.3ms | Allocations: 1237)
  Rendered layout layouts/application.html.erb (Duration: 12.9ms | Allocations: 3348)
Completed 200 OK in 21ms (Views: 14.1ms | ActiveRecord: 0.0ms | Allocations: 3945)


Started GET "/users/sign_up" for ::1 at 2023-06-27 14:11:23 +0500
Processing by Devise::RegistrationsController#new as HTML
  Rendering layout layouts/application.html.erb
  Rendering devise/registrations/new.html.erb within layouts/application
  Rendered devise/shared/_error_messages.html.erb (Duration: 0.3ms | Allocations: 14)
  Rendered devise/shared/_links.html.erb (Duration: 0.9ms | Allocations: 78)
  Rendered devise/registrations/new.html.erb within layouts/application (Duration: 9.4ms | Allocations: 1215)
  Rendered layout layouts/application.html.erb (Duration: 13.6ms | Allocations: 3335)
Completed 200 OK in 17ms (Views: 14.8ms | ActiveRecord: 0.0ms | Allocations: 3868)


Started GET "/users/sign_in" for ::1 at 2023-06-27 14:11:24 +0500
Processing by Devise::SessionsController#new as HTML
  Rendering layout layouts/application.html.erb
  Rendering devise/sessions/new.html.erb within layouts/application
  Rendered devise/shared/_links.html.erb (Duration: 0.7ms | Allocations: 132)
  Rendered devise/sessions/new.html.erb within layouts/application (Duration: 4.8ms | Allocations: 1237)
  Rendered layout layouts/application.html.erb (Duration: 14.6ms | Allocations: 3348)
Completed 200 OK in 19ms (Views: 16.1ms | ActiveRecord: 0.0ms | Allocations: 3951)


Started GET "/users/sign_up" for ::1 at 2023-06-27 14:11:25 +0500
Processing by Devise::RegistrationsController#new as HTML
  Rendering layout layouts/application.html.erb
  Rendering devise/registrations/new.html.erb within layouts/application
  Rendered devise/shared/_error_messages.html.erb (Duration: 0.1ms | Allocations: 14)
  Rendered devise/shared/_links.html.erb (Duration: 0.4ms | Allocations: 78)
  Rendered devise/registrations/new.html.erb within layouts/application (Duration: 6.4ms | Allocations: 1215)
  Rendered layout layouts/application.html.erb (Duration: 12.3ms | Allocations: 3334)
Completed 200 OK in 15ms (Views: 13.5ms | ActiveRecord: 0.0ms | Allocations: 3870)


Started GET "/users/sign_in" for ::1 at 2023-06-27 14:11:25 +0500
Processing by Devise::SessionsController#new as HTML
  Rendering layout layouts/application.html.erb
  Rendering devise/sessions/new.html.erb within layouts/application
  Rendered devise/shared/_links.html.erb (Duration: 0.7ms | Allocations: 132)
  Rendered devise/sessions/new.html.erb within layouts/application (Duration: 6.9ms | Allocations: 1237)
  Rendered layout layouts/application.html.erb (Duration: 13.7ms | Allocations: 3348)
Completed 200 OK in 18ms (Views: 16.1ms | ActiveRecord: 0.0ms | Allocations: 3933)


Started GET "/users/sign_up" for ::1 at 2023-06-27 14:11:26 +0500
Processing by Devise::RegistrationsController#new as HTML
  Rendering layout layouts/application.html.erb
  Rendering devise/registrations/new.html.erb within layouts/application
  Rendered devise/shared/_error_messages.html.erb (Duration: 0.1ms | Allocations: 14)
  Rendered devise/shared/_links.html.erb (Duration: 0.3ms | Allocations: 78)
  Rendered devise/registrations/new.html.erb within layouts/application (Duration: 13.5ms | Allocations: 1215)
  Rendered layout layouts/application.html.erb (Duration: 19.3ms | Allocations: 3334)
Completed 200 OK in 23ms (Views: 21.0ms | ActiveRecord: 0.0ms | Allocations: 3864)


Started GET "/users/sign_in" for ::1 at 2023-06-27 14:11:26 +0500
Processing by Devise::SessionsController#new as HTML
  Rendering layout layouts/application.html.erb
  Rendering devise/sessions/new.html.erb within layouts/application
  Rendered devise/shared/_links.html.erb (Duration: 0.9ms | Allocations: 132)
  Rendered devise/sessions/new.html.erb within layouts/application (Duration: 6.9ms | Allocations: 1237)
  Rendered layout layouts/application.html.erb (Duration: 11.2ms | Allocations: 3348)
Completed 200 OK in 17ms (Views: 12.3ms | ActiveRecord: 0.0ms | Allocations: 3948)


Started GET "/users/sign_up" for ::1 at 2023-06-27 14:11:27 +0500
Processing by Devise::RegistrationsController#new as HTML
  Rendering layout layouts/application.html.erb
  Rendering devise/registrations/new.html.erb within layouts/application
  Rendered devise/shared/_error_messages.html.erb (Duration: 0.1ms | Allocations: 14)
  Rendered devise/shared/_links.html.erb (Duration: 0.3ms | Allocations: 78)
  Rendered devise/registrations/new.html.erb within layouts/application (Duration: 4.4ms | Allocations: 1215)
  Rendered layout layouts/application.html.erb (Duration: 8.9ms | Allocations: 3334)
Completed 200 OK in 11ms (Views: 9.7ms | ActiveRecord: 0.0ms | Allocations: 3867)


Started GET "/users/sign_up" for ::1 at 2023-06-27 14:11:40 +0500
Processing by Devise::RegistrationsController#new as HTML
  Rendering layout layouts/application.html.erb
  Rendering devise/registrations/new.html.erb within layouts/application
  Rendered devise/shared/_error_messages.html.erb (Duration: 0.1ms | Allocations: 14)
  Rendered devise/shared/_links.html.erb (Duration: 1.3ms | Allocations: 78)
  Rendered devise/registrations/new.html.erb within layouts/application (Duration: 9.8ms | Allocations: 1227)
  Rendered layout layouts/application.html.erb (Duration: 18.7ms | Allocations: 3346)
Completed 200 OK in 20ms (Views: 19.4ms | ActiveRecord: 0.0ms | Allocations: 3780)


Started GET "/users/sign_up" for ::1 at 2023-06-27 14:14:19 +0500
Processing by Devise::RegistrationsController#new as HTML
  Rendering layout layouts/application.html.erb
  Rendering devise/registrations/new.html.erb within layouts/application
  Rendered devise/shared/_error_messages.html.erb (Duration: 0.7ms | Allocations: 224)
  Rendered devise/shared/_links.html.erb (Duration: 1.4ms | Allocations: 515)
  Rendered devise/registrations/new.html.erb within layouts/application (Duration: 11.3ms | Allocations: 2438)
  Rendered layout layouts/application.html.erb (Duration: 21.7ms | Allocations: 4861)
Completed 200 OK in 32ms (Views: 28.0ms | ActiveRecord: 0.0ms | Allocations: 6049)


Started GET "/users/sign_up" for ::1 at 2023-06-27 14:14:51 +0500
Processing by Devise::RegistrationsController#new as HTML
  Rendering layout layouts/application.html.erb
  Rendering devise/registrations/new.html.erb within layouts/application
  Rendered devise/shared/_error_messages.html.erb (Duration: 0.1ms | Allocations: 14)
  Rendered devise/shared/_links.html.erb (Duration: 0.3ms | Allocations: 78)
  Rendered devise/registrations/new.html.erb within layouts/application (Duration: 5.8ms | Allocations: 1215)
  Rendered layout layouts/application.html.erb (Duration: 80.3ms | Allocations: 5917)
Completed 200 OK in 83ms (Views: 81.4ms | ActiveRecord: 0.0ms | Allocations: 6461)


Started GET "/users/sign_in" for ::1 at 2023-06-27 14:14:58 +0500
Processing by Devise::SessionsController#new as HTML
  Rendering layout layouts/application.html.erb
  Rendering devise/sessions/new.html.erb within layouts/application
  Rendered devise/shared/_links.html.erb (Duration: 1.6ms | Allocations: 142)
  Rendered devise/sessions/new.html.erb within layouts/application (Duration: 8.9ms | Allocations: 1659)
  Rendered layout layouts/application.html.erb (Duration: 67.1ms | Allocations: 3854)
Completed 200 OK in 80ms (Views: 75.3ms | ActiveRecord: 0.0ms | Allocations: 4777)


Started GET "/users/sign_up" for ::1 at 2023-06-27 14:16:24 +0500
Processing by Devise::RegistrationsController#new as HTML
  Rendering layout layouts/application.html.erb
  Rendering devise/registrations/new.html.erb within layouts/application
  Rendered devise/shared/_error_messages.html.erb (Duration: 0.8ms | Allocations: 224)
  Rendered devise/shared/_links.html.erb (Duration: 1.6ms | Allocations: 515)
  Rendered devise/registrations/new.html.erb within layouts/application (Duration: 8.1ms | Allocations: 2430)
  Rendered layout layouts/application.html.erb (Duration: 21.2ms | Allocations: 6329)
Completed 200 OK in 28ms (Views: 26.0ms | ActiveRecord: 0.0ms | Allocations: 7534)


Started GET "/users/sign_in" for ::1 at 2023-06-27 14:16:27 +0500
Processing by Devise::SessionsController#new as HTML
  Rendering layout layouts/application.html.erb
  Rendering devise/sessions/new.html.erb within layouts/application
  Rendered devise/shared/_links.html.erb (Duration: 0.3ms | Allocations: 142)
  Rendered devise/sessions/new.html.erb within layouts/application (Duration: 4.1ms | Allocations: 1674)
  Rendered layout layouts/application.html.erb (Duration: 8.1ms | Allocations: 3861)
Completed 200 OK in 12ms (Views: 10.7ms | ActiveRecord: 0.0ms | Allocations: 4779)


Started GET "/users/sign_up" for ::1 at 2023-06-27 14:16:31 +0500
Processing by Devise::RegistrationsController#new as HTML
  Rendering layout layouts/application.html.erb
  Rendering devise/registrations/new.html.erb within layouts/application
  Rendered devise/shared/_error_messages.html.erb (Duration: 0.1ms | Allocations: 14)
  Rendered devise/shared/_links.html.erb (Duration: 0.3ms | Allocations: 78)
  Rendered devise/registrations/new.html.erb within layouts/application (Duration: 7.4ms | Allocations: 1215)
  Rendered layout layouts/application.html.erb (Duration: 18.3ms | Allocations: 3334)
Completed 200 OK in 21ms (Views: 20.0ms | ActiveRecord: 0.0ms | Allocations: 3869)


Started GET "/users/sign_in" for ::1 at 2023-06-27 14:16:32 +0500
Processing by Devise::SessionsController#new as HTML
  Rendering layout layouts/application.html.erb
  Rendering devise/sessions/new.html.erb within layouts/application
  Rendered devise/shared/_links.html.erb (Duration: 0.4ms | Allocations: 132)
  Rendered devise/sessions/new.html.erb within layouts/application (Duration: 7.2ms | Allocations: 1237)
  Rendered layout layouts/application.html.erb (Duration: 10.8ms | Allocations: 3348)
Completed 200 OK in 20ms (Views: 13.9ms | ActiveRecord: 0.0ms | Allocations: 3952)


Started GET "/users/sign_in" for ::1 at 2023-06-27 14:17:35 +0500
Processing by Devise::SessionsController#new as HTML
  Rendering layout layouts/application.html.erb
  Rendering devise/sessions/new.html.erb within layouts/application
  Rendered devise/shared/_links.html.erb (Duration: 1.5ms | Allocations: 569)
  Rendered devise/sessions/new.html.erb within layouts/application (Duration: 6.7ms | Allocations: 2099)
  Rendered layout layouts/application.html.erb (Duration: 12.0ms | Allocations: 4515)
Completed 200 OK in 24ms (Views: 20.6ms | Allocations: 5770)


Started GET "/users/sign_in" for ::1 at 2023-06-27 14:17:39 +0500
Processing by Devise::SessionsController#new as HTML
  Rendering layout layouts/application.html.erb
  Rendering devise/sessions/new.html.erb within layouts/application
  Rendered devise/shared/_links.html.erb (Duration: 5.1ms | Allocations: 569)
  Rendered devise/sessions/new.html.erb within layouts/application (Duration: 14.6ms | Allocations: 2151)
  Rendered layout layouts/application.html.erb (Duration: 23.3ms | Allocations: 4566)
Completed 200 OK in 34ms (Views: 30.5ms | Allocations: 5837)


Started GET "/users/sign_in" for ::1 at 2023-06-27 14:17:43 +0500
Processing by Devise::SessionsController#new as HTML
  Rendering layout layouts/application.html.erb
  Rendering devise/sessions/new.html.erb within layouts/application
  Rendered devise/sessions/new.html.erb within layouts/application (Duration: 7.4ms | Allocations: 1470)
  Rendered layout layouts/application.html.erb (Duration: 15.7ms | Allocations: 3885)
Completed 200 OK in 27ms (Views: 21.5ms | Allocations: 5180)


Started GET "/users/sign_in" for ::1 at 2023-06-27 14:17:47 +0500
Processing by Devise::SessionsController#new as HTML
  Rendering layout layouts/application.html.erb
  Rendering devise/sessions/new.html.erb within layouts/application
  Rendered devise/shared/_links.html.erb (Duration: 1.1ms | Allocations: 569)
  Rendered devise/sessions/new.html.erb within layouts/application (Duration: 5.6ms | Allocations: 2151)
  Rendered layout layouts/application.html.erb (Duration: 23.6ms | Allocations: 4566)
Completed 200 OK in 36ms (Views: 32.4ms | Allocations: 5819)


Started GET "/users/sign_in" for ::1 at 2023-06-27 14:19:06 +0500
Processing by Devise::SessionsController#new as HTML
  Rendering layout layouts/application.html.erb
  Rendering devise/sessions/new.html.erb within layouts/application
  Rendered devise/shared/_links.html.erb (Duration: 26.3ms | Allocations: 10794)
  Rendered devise/sessions/new.html.erb within layouts/application (Duration: 40.8ms | Allocations: 12341)
  Rendered layout layouts/application.html.erb (Duration: 41.1ms | Allocations: 12430)
Completed 500 Internal Server Error in 51ms (Allocations: 13696)


  
ActionView::SyntaxErrorInTemplate (Encountered a syntax error while rendering template: check <%- if controller_name != 'sessions' %>
  <%= link_to "Log in", new_session_path(resource_name) %><br />
<% end %>

<%- if devise_mapping.registerable? && controller_name != 'registrations' %>
  <%= class="sign-up-text" link_to "Sign up", new_registration_path(resource_name) %><br />
<% end %>

<%- if devise_mapping.recoverable? && controller_name != 'passwords' && controller_name != 'registrations' %>
  <%= link_to "Forgot your password?", new_password_path(resource_name) %><br />
<% end %>

<%- if devise_mapping.confirmable? && controller_name != 'confirmations' %>
  <%= link_to "Didn't receive confirmation instructions?", new_confirmation_path(resource_name) %><br />
<% end %>

<%- if devise_mapping.lockable? && resource_class.unlock_strategy_enabled?(:email) && controller_name != 'unlocks' %>
  <%= link_to "Didn't receive unlock instructions?", new_unlock_path(resource_name) %><br />
<% end %>

<%- if devise_mapping.omniauthable? %>
  <%- resource_class.omniauth_providers.each do |provider| %>
    <%= button_to "Sign in with #{OmniAuth::Utils.camelize(provider)}", omniauth_authorize_path(resource_name, provider), data: { turbo: false } %><br />
  <% end %>
<% end %>

):
1:    <%- if controller_name != 'sessions' %>
2:      <%= link_to "Log in", new_session_path(resource_name) %><br />
3:    <% end %>
4:    
5:    <%- if devise_mapping.registerable? && controller_name != 'registrations' %>
6:      <%= class="sign-up-text" link_to "Sign up", new_registration_path(resource_name) %><br />
7:    <% end %>
8:    
9:    <%- if devise_mapping.recoverable? && controller_name != 'passwords' && controller_name != 'registrations' %>
10:      <%= link_to "Forgot your password?", new_password_path(resource_name) %><br />
11:    <% end %>
12:    
13:    <%- if devise_mapping.confirmable? && controller_name != 'confirmations' %>
14:      <%= link_to "Didn't receive confirmation instructions?", new_confirmation_path(resource_name) %><br />
15:    <% end %>
16:    
17:    <%- if devise_mapping.lockable? && resource_class.unlock_strategy_enabled?(:email) && controller_name != 'unlocks' %>
18:      <%= link_to "Didn't receive unlock instructions?", new_unlock_path(resource_name) %><br />
19:    <% end %>
20:    
21:    <%- if devise_mapping.omniauthable? %>
22:      <%- resource_class.omniauth_providers.each do |provider| %>
23:        <%= button_to "Sign in with #{OmniAuth::Utils.camelize(provider)}", omniauth_authorize_path(resource_name, provider), data: { turbo: false } %><br />
24:      <% end %>
25:    <% end %>
  
app/views/devise/shared/_links.html.erb:6: syntax error, unexpected '='
app/views/devise/shared/_links.html.erb:6: syntax error, unexpected '='
app/views/devise/shared/_links.html.erb:6: syntax error, unexpected '='
app/views/devise/shared/_links.html.erb:6: syntax error, unexpected '='
app/views/devise/shared/_links.html.erb:6: syntax error, unexpected '='
app/views/devise/shared/_links.html.erb:6: syntax error, unexpected '='
app/views/devise/sessions/new.html.erb:28
Started GET "/users/sign_in" for ::1 at 2023-06-27 14:19:45 +0500
Processing by Devise::SessionsController#new as HTML
  Rendering layout layouts/application.html.erb
  Rendering devise/sessions/new.html.erb within layouts/application
  Rendered devise/sessions/new.html.erb within layouts/application (Duration: 2.2ms | Allocations: 1374)
  Rendered layout layouts/application.html.erb (Duration: 2.9ms | Allocations: 1463)
Completed 500 Internal Server Error in 10ms (Allocations: 2703)


  
ActionView::SyntaxErrorInTemplate (Encountered a syntax error while rendering template: check <div class="login-form">
  <h2>Log in</h2>
  <h1>This is sessions new page</h1>
  <%= form_for(resource, as: resource_name, url: session_path(resource_name)) do |f| %>
    <div class="field">
      <%= f.label :email %><br />
      <%= f.email_field :email, autofocus: true, autocomplete: "email" %>
    </div>

    <div class="field">
      <%= f.label :password %><br />
      <%= f.password_field :password, autocomplete: "current-password" %>
    </div>

    <% if devise_mapping.rememberable? %>
      <div class="field">
        <%= f.check_box :remember_me %>
        <%= f.label :remember_me %>
      </div>
    <% end %>

    <br>
    <div class="actions">
      <%= f.submit "Log in" %>
    </div>
  <% end %>

  <%= class="links-text" render "devise/shared/links" %>

  <br>
  <%= link_to 'Back', session.delete(:return_to) || root_path %>
</div>

):
1:    <div class="login-form">
2:      <h2>Log in</h2>
3:      <h1>This is sessions new page</h1>
4:      <%= form_for(resource, as: resource_name, url: session_path(resource_name)) do |f| %>
5:        <div class="field">
6:          <%= f.label :email %><br />
7:          <%= f.email_field :email, autofocus: true, autocomplete: "email" %>
8:        </div>
9:    
10:        <div class="field">
11:          <%= f.label :password %><br />
12:          <%= f.password_field :password, autocomplete: "current-password" %>
13:        </div>
14:    
15:        <% if devise_mapping.rememberable? %>
16:          <div class="field">
17:            <%= f.check_box :remember_me %>
18:            <%= f.label :remember_me %>
19:          </div>
20:        <% end %>
21:    
22:        <br>
23:        <div class="actions">
24:          <%= f.submit "Log in" %>
25:        </div>
26:      <% end %>
27:    
28:      <%= class="links-text" render "devise/shared/links" %>
29:    
30:      <br>
31:      <%= link_to 'Back', session.delete(:return_to) || root_path %>
32:    </div>
  
app/views/devise/sessions/new.html.erb:28: syntax error, unexpected '='
app/views/devise/sessions/new.html.erb:28: syntax error, unexpected '='
app/views/devise/sessions/new.html.erb:28: syntax error, unexpected '='
app/views/devise/sessions/new.html.erb:28: syntax error, unexpected '='
app/views/devise/sessions/new.html.erb:28: syntax error, unexpected '='
app/views/devise/sessions/new.html.erb:28: syntax error, unexpected '='
Started GET "/users/sign_in" for ::1 at 2023-06-27 14:20:00 +0500
Processing by Devise::SessionsController#new as HTML
  Rendering layout layouts/application.html.erb
  Rendering devise/sessions/new.html.erb within layouts/application
  Rendered devise/sessions/new.html.erb within layouts/application (Duration: 4.0ms | Allocations: 1375)
  Rendered layout layouts/application.html.erb (Duration: 5.6ms | Allocations: 1464)
Completed 500 Internal Server Error in 19ms (Allocations: 2708)


  
ActionView::SyntaxErrorInTemplate (Encountered a syntax error while rendering template: check <div class="login-form">
  <h2>Log in</h2>
  <h1>This is sessions new page</h1>
  <%= form_for(resource, as: resource_name, url: session_path(resource_name)) do |f| %>
    <div class="field">
      <%= f.label :email %><br />
      <%= f.email_field :email, autofocus: true, autocomplete: "email" %>
    </div>

    <div class="field">
      <%= f.label :password %><br />
      <%= f.password_field :password, autocomplete: "current-password" %>
    </div>

    <% if devise_mapping.rememberable? %>
      <div class="field">
        <%= f.check_box :remember_me %>
        <%= f.label :remember_me %>
      </div>
    <% end %>

    <br>
    <div class="actions">
      <%= f.submit "Log in" %>
    </div>
  <% end %>

  <%= classname="links-text" render "devise/shared/links" %>

  <br>
  <%= link_to 'Back', session.delete(:return_to) || root_path %>
</div>

):
1:    <div class="login-form">
2:      <h2>Log in</h2>
3:      <h1>This is sessions new page</h1>
4:      <%= form_for(resource, as: resource_name, url: session_path(resource_name)) do |f| %>
5:        <div class="field">
6:          <%= f.label :email %><br />
7:          <%= f.email_field :email, autofocus: true, autocomplete: "email" %>
8:        </div>
9:    
10:        <div class="field">
11:          <%= f.label :password %><br />
12:          <%= f.password_field :password, autocomplete: "current-password" %>
13:        </div>
14:    
15:        <% if devise_mapping.rememberable? %>
16:          <div class="field">
17:            <%= f.check_box :remember_me %>
18:            <%= f.label :remember_me %>
19:          </div>
20:        <% end %>
21:    
22:        <br>
23:        <div class="actions">
24:          <%= f.submit "Log in" %>
25:        </div>
26:      <% end %>
27:    
28:      <%= classname="links-text" render "devise/shared/links" %>
29:    
30:      <br>
31:      <%= link_to 'Back', session.delete(:return_to) || root_path %>
32:    </div>
  
app/views/devise/sessions/new.html.erb:28: syntax error, unexpected local variable or method, expecting ')'
app/views/devise/sessions/new.html.erb:28: syntax error, unexpected local variable or method, expecting ')'
app/views/devise/sessions/new.html.erb:28: syntax error, unexpected local variable or method, expecting ')'
app/views/devise/sessions/new.html.erb:28: syntax error, unexpected local variable or method, expecting ')'
app/views/devise/sessions/new.html.erb:28: syntax error, unexpected local variable or method, expecting ')'
app/views/devise/sessions/new.html.erb:28: syntax error, unexpected local variable or method, expecting ')'
Started GET "/users/sign_in" for ::1 at 2023-06-27 14:20:12 +0500
Processing by Devise::SessionsController#new as HTML
  Rendering layout layouts/application.html.erb
  Rendering devise/sessions/new.html.erb within layouts/application
  Rendered devise/shared/_links.html.erb (Duration: 8.4ms | Allocations: 569)
  Rendered devise/sessions/new.html.erb within layouts/application (Duration: 13.2ms | Allocations: 2151)
  Rendered layout layouts/application.html.erb (Duration: 25.3ms | Allocations: 4598)
Completed 200 OK in 38ms (Views: 34.1ms | Allocations: 5861)


Started GET "/users/sign_in" for ::1 at 2023-06-27 14:20:44 +0500
Processing by Devise::SessionsController#new as HTML
  Rendering layout layouts/application.html.erb
  Rendering devise/sessions/new.html.erb within layouts/application
  Rendered devise/shared/_links.html.erb (Duration: 2.1ms | Allocations: 569)
  Rendered devise/sessions/new.html.erb within layouts/application (Duration: 6.9ms | Allocations: 2153)
  Rendered layout layouts/application.html.erb (Duration: 10.6ms | Allocations: 4568)
Completed 200 OK in 13ms (Views: 12.3ms | Allocations: 5833)


Started GET "/users/sign_in" for ::1 at 2023-06-27 14:20:45 +0500
Processing by Devise::SessionsController#new as HTML
  Rendering layout layouts/application.html.erb
  Rendering devise/sessions/new.html.erb within layouts/application
  Rendered devise/shared/_links.html.erb (Duration: 0.4ms | Allocations: 132)
  Rendered devise/sessions/new.html.erb within layouts/application (Duration: 5.5ms | Allocations: 1237)
  Rendered layout layouts/application.html.erb (Duration: 9.1ms | Allocations: 3348)
Completed 200 OK in 13ms (Views: 10.6ms | Allocations: 3952)


Started GET "/users/sign_in" for ::1 at 2023-06-27 14:21:12 +0500
Processing by Devise::SessionsController#new as HTML
  Rendering layout layouts/application.html.erb
  Rendering devise/sessions/new.html.erb within layouts/application
  Rendered devise/shared/_links.html.erb (Duration: 0.7ms | Allocations: 132)
  Rendered devise/sessions/new.html.erb within layouts/application (Duration: 4.6ms | Allocations: 1237)
  Rendered layout layouts/application.html.erb (Duration: 21.7ms | Allocations: 4807)
Completed 200 OK in 25ms (Views: 23.3ms | Allocations: 5404)


Started GET "/users/sign_in" for ::1 at 2023-06-27 14:21:20 +0500
Processing by Devise::SessionsController#new as HTML
  Rendering layout layouts/application.html.erb
  Rendering devise/sessions/new.html.erb within layouts/application
  Rendered devise/shared/_links.html.erb (Duration: 1.1ms | Allocations: 132)
  Rendered devise/sessions/new.html.erb within layouts/application (Duration: 5.8ms | Allocations: 1237)
  Rendered layout layouts/application.html.erb (Duration: 21.7ms | Allocations: 4815)
Completed 200 OK in 25ms (Views: 23.0ms | Allocations: 5418)


Started GET "/users/sign_in" for ::1 at 2023-06-27 14:21:28 +0500
Processing by Devise::SessionsController#new as HTML
  Rendering layout layouts/application.html.erb
  Rendering devise/sessions/new.html.erb within layouts/application
  Rendered devise/shared/_links.html.erb (Duration: 1.1ms | Allocations: 132)
  Rendered devise/sessions/new.html.erb within layouts/application (Duration: 7.9ms | Allocations: 1237)
  Rendered layout layouts/application.html.erb (Duration: 18.0ms | Allocations: 4836)
Completed 200 OK in 21ms (Views: 19.1ms | Allocations: 5416)


Started GET "/users/sign_in" for ::1 at 2023-06-27 14:21:29 +0500
Processing by Devise::SessionsController#new as HTML
  Rendering layout layouts/application.html.erb
  Rendering devise/sessions/new.html.erb within layouts/application
  Rendered devise/shared/_links.html.erb (Duration: 0.3ms | Allocations: 132)
  Rendered devise/sessions/new.html.erb within layouts/application (Duration: 4.3ms | Allocations: 1237)
  Rendered layout layouts/application.html.erb (Duration: 8.6ms | Allocations: 3348)
Completed 200 OK in 11ms (Views: 9.4ms | Allocations: 3957)


Started GET "/users/sign_in" for ::1 at 2023-06-27 14:22:58 +0500
Processing by Devise::SessionsController#new as HTML
  Rendering layout layouts/application.html.erb
  Rendering devise/sessions/new.html.erb within layouts/application
  Rendered devise/shared/_links.html.erb (Duration: 0.5ms | Allocations: 132)
  Rendered devise/sessions/new.html.erb within layouts/application (Duration: 7.4ms | Allocations: 1237)
  Rendered layout layouts/application.html.erb (Duration: 14.2ms | Allocations: 3402)
Completed 200 OK in 19ms (Views: 15.9ms | Allocations: 3987)


Started GET "/users/sign_in" for ::1 at 2023-06-27 14:23:06 +0500
Processing by Devise::SessionsController#new as HTML
  Rendering layout layouts/application.html.erb
  Rendering devise/sessions/new.html.erb within layouts/application
  Rendered devise/shared/_links.html.erb (Duration: 0.3ms | Allocations: 132)
  Rendered devise/sessions/new.html.erb within layouts/application (Duration: 11.6ms | Allocations: 1237)
  Rendered layout layouts/application.html.erb (Duration: 27.1ms | Allocations: 3402)
Completed 200 OK in 32ms (Views: 29.6ms | Allocations: 3996)


Started GET "/users/sign_up" for ::1 at 2023-06-27 14:23:41 +0500
Processing by Devise::RegistrationsController#new as HTML
  Rendering layout layouts/application.html.erb
  Rendering devise/registrations/new.html.erb within layouts/application
  Rendered devise/shared/_error_messages.html.erb (Duration: 0.6ms | Allocations: 224)
  Rendered devise/shared/_links.html.erb (Duration: 0.2ms | Allocations: 88)
  Rendered devise/registrations/new.html.erb within layouts/application (Duration: 11.4ms | Allocations: 1946)
  Rendered layout layouts/application.html.erb (Duration: 15.7ms | Allocations: 4188)
Completed 200 OK in 20ms (Views: 18.5ms | Allocations: 5035)


Started GET "/users/sign_in" for ::1 at 2023-06-27 14:23:45 +0500
Processing by Devise::SessionsController#new as HTML
  Rendering layout layouts/application.html.erb
  Rendering devise/sessions/new.html.erb within layouts/application
  Rendered devise/shared/_links.html.erb (Duration: 2.0ms | Allocations: 132)
  Rendered devise/sessions/new.html.erb within layouts/application (Duration: 6.5ms | Allocations: 1237)
  Rendered layout layouts/application.html.erb (Duration: 11.4ms | Allocations: 3348)
Completed 200 OK in 14ms (Views: 12.2ms | Allocations: 3939)


Started GET "/users/sign_up" for ::1 at 2023-06-27 14:23:47 +0500
Processing by Devise::RegistrationsController#new as HTML
  Rendering layout layouts/application.html.erb
  Rendering devise/registrations/new.html.erb within layouts/application
  Rendered devise/shared/_error_messages.html.erb (Duration: 0.1ms | Allocations: 14)
  Rendered devise/shared/_links.html.erb (Duration: 0.3ms | Allocations: 78)
  Rendered devise/registrations/new.html.erb within layouts/application (Duration: 11.0ms | Allocations: 1215)
  Rendered layout layouts/application.html.erb (Duration: 15.1ms | Allocations: 3334)
Completed 200 OK in 18ms (Views: 16.3ms | Allocations: 3868)


Started GET "/users/sign_in" for ::1 at 2023-06-27 14:23:48 +0500
Processing by Devise::SessionsController#new as HTML
  Rendering layout layouts/application.html.erb
  Rendering devise/sessions/new.html.erb within layouts/application
  Rendered devise/shared/_links.html.erb (Duration: 0.3ms | Allocations: 132)
  Rendered devise/sessions/new.html.erb within layouts/application (Duration: 3.7ms | Allocations: 1237)
  Rendered layout layouts/application.html.erb (Duration: 12.3ms | Allocations: 3348)
Completed 200 OK in 16ms (Views: 14.6ms | Allocations: 3947)


Started GET "/users/sign_in" for ::1 at 2023-06-27 14:24:12 +0500
Processing by Devise::SessionsController#new as HTML
  Rendering layout layouts/application.html.erb
  Rendering devise/sessions/new.html.erb within layouts/application
  Rendered devise/shared/_links.html.erb (Duration: 1.9ms | Allocations: 569)
  Rendered devise/sessions/new.html.erb within layouts/application (Duration: 18.9ms | Allocations: 2151)
  Rendered layout layouts/application.html.erb (Duration: 27.2ms | Allocations: 4566)
Completed 200 OK in 45ms (Views: 42.3ms | Allocations: 5815)


Started GET "/users/sign_up" for ::1 at 2023-06-27 14:24:14 +0500
Processing by Devise::RegistrationsController#new as HTML
  Rendering layout layouts/application.html.erb
  Rendering devise/registrations/new.html.erb within layouts/application
  Rendered devise/shared/_error_messages.html.erb (Duration: 1.0ms | Allocations: 224)
  Rendered devise/shared/_links.html.erb (Duration: 0.2ms | Allocations: 88)
  Rendered devise/registrations/new.html.erb within layouts/application (Duration: 6.6ms | Allocations: 1944)
  Rendered layout layouts/application.html.erb (Duration: 10.5ms | Allocations: 4138)
Completed 200 OK in 14ms (Views: 12.7ms | Allocations: 5002)


Started GET "/users/sign_up" for ::1 at 2023-06-27 14:24:30 +0500
Processing by Devise::RegistrationsController#new as HTML
  Rendering layout layouts/application.html.erb
  Rendering devise/registrations/new.html.erb within layouts/application
  Rendered devise/shared/_error_messages.html.erb (Duration: 1.3ms | Allocations: 224)
  Rendered devise/shared/_links.html.erb (Duration: 1.5ms | Allocations: 515)
  Rendered devise/registrations/new.html.erb within layouts/application (Duration: 17.9ms | Allocations: 2427)
  Rendered layout layouts/application.html.erb (Duration: 31.6ms | Allocations: 4850)
Completed 200 OK in 38ms (Views: 36.2ms | Allocations: 6048)


Started GET "/users/sign_in" for ::1 at 2023-06-27 14:24:33 +0500
Processing by Devise::SessionsController#new as HTML
  Rendering layout layouts/application.html.erb
  Rendering devise/sessions/new.html.erb within layouts/application
  Rendered devise/shared/_links.html.erb (Duration: 0.3ms | Allocations: 142)
  Rendered devise/sessions/new.html.erb within layouts/application (Duration: 5.1ms | Allocations: 1666)
  Rendered layout layouts/application.html.erb (Duration: 9.2ms | Allocations: 3852)
Completed 200 OK in 14ms (Views: 11.8ms | Allocations: 4769)


Started GET "/" for ::1 at 2023-06-27 14:24:38 +0500
Processing by PagesController#hello as HTML
  Rendering layout layouts/application.html.erb
  Rendering pages/hello.html.erb within layouts/application
  Rendered pages/hello.html.erb within layouts/application (Duration: 1.3ms | Allocations: 209)
  Rendered layout layouts/application.html.erb (Duration: 8.3ms | Allocations: 2579)
Completed 200 OK in 13ms (Views: 11.1ms | Allocations: 3196)


  [1m[35m (0.2ms)[0m  [1m[34mSELECT pg_try_advisory_lock(8272370091435100875)[0m
  [1m[36mActiveRecord::SchemaMigration Pluck (0.4ms)[0m  [1m[34mSELECT "schema_migrations"."version" FROM "schema_migrations" ORDER BY "schema_migrations"."version" ASC[0m
Migrating to CreateUsers (20230627094152)
  [1m[36mTRANSACTION (0.2ms)[0m  [1m[35mBEGIN[0m
  [1m[35m (19.0ms)[0m  [1m[35mCREATE TABLE "users" ("id" bigserial primary key, "name" character varying, "email" character varying, "password_digest" character varying, "created_at" timestamp(6) NOT NULL, "updated_at" timestamp(6) NOT NULL)[0m
  [1m[36mTRANSACTION (0.1ms)[0m  [1m[31mROLLBACK[0m
  [1m[35m (0.2ms)[0m  [1m[34mSELECT pg_advisory_unlock(8272370091435100875)[0m
  [1m[35m (0.1ms)[0m  [1m[34mSELECT pg_try_advisory_lock(8272370091435100875)[0m
  [1m[36mActiveRecord::SchemaMigration Pluck (0.4ms)[0m  [1m[34mSELECT "schema_migrations"."version" FROM "schema_migrations" ORDER BY "schema_migrations"."version" ASC[0m
Migrating to CreateFoods (20230627094250)
  [1m[36mTRANSACTION (0.2ms)[0m  [1m[35mBEGIN[0m
  [1m[35m (23.6ms)[0m  [1m[35mCREATE TABLE "foods" ("id" bigserial primary key, "name" character varying, "quantity" integer, "user_id" bigint NOT NULL, "created_at" timestamp(6) NOT NULL, "updated_at" timestamp(6) NOT NULL, CONSTRAINT "fk_rails_541e2e5c7b"
FOREIGN KEY ("user_id")
  REFERENCES "users" ("id")
)[0m
  [1m[35m (3.0ms)[0m  [1m[35mCREATE INDEX "index_foods_on_user_id" ON "foods" ("user_id")[0m
  [1m[36mActiveRecord::SchemaMigration Create (0.4ms)[0m  [1m[32mINSERT INTO "schema_migrations" ("version") VALUES ($1) RETURNING "version"[0m  [["version", "20230627094250"]]
  [1m[36mTRANSACTION (1.8ms)[0m  [1m[35mCOMMIT[0m
Migrating to CreateRecipes (20230627094258)
  [1m[36mTRANSACTION (0.6ms)[0m  [1m[35mBEGIN[0m
  [1m[35m (9.3ms)[0m  [1m[35mCREATE TABLE "recipes" ("id" bigserial primary key, "title" character varying, "description" text, "user_id" bigint NOT NULL, "created_at" timestamp(6) NOT NULL, "updated_at" timestamp(6) NOT NULL, CONSTRAINT "fk_rails_9606fce865"
FOREIGN KEY ("user_id")
  REFERENCES "users" ("id")
)[0m
  [1m[35m (5.3ms)[0m  [1m[35mCREATE INDEX "index_recipes_on_user_id" ON "recipes" ("user_id")[0m
  [1m[36mActiveRecord::SchemaMigration Create (0.4ms)[0m  [1m[32mINSERT INTO "schema_migrations" ("version") VALUES ($1) RETURNING "version"[0m  [["version", "20230627094258"]]
  [1m[36mTRANSACTION (2.9ms)[0m  [1m[35mCOMMIT[0m
Migrating to CreateIngredients (20230627094304)
  [1m[36mTRANSACTION (0.1ms)[0m  [1m[35mBEGIN[0m
  [1m[35m (13.4ms)[0m  [1m[35mCREATE TABLE "ingredients" ("id" bigserial primary key, "name" character varying, "quantity" integer, "recipe_id" bigint NOT NULL, "created_at" timestamp(6) NOT NULL, "updated_at" timestamp(6) NOT NULL, CONSTRAINT "fk_rails_3ee351e1cd"
FOREIGN KEY ("recipe_id")
  REFERENCES "recipes" ("id")
)[0m
  [1m[35m (6.6ms)[0m  [1m[35mCREATE INDEX "index_ingredients_on_recipe_id" ON "ingredients" ("recipe_id")[0m
  [1m[36mActiveRecord::SchemaMigration Create (0.3ms)[0m  [1m[32mINSERT INTO "schema_migrations" ("version") VALUES ($1) RETURNING "version"[0m  [["version", "20230627094304"]]
  [1m[36mTRANSACTION (2.8ms)[0m  [1m[35mCOMMIT[0m
Migrating to CreateGroups (20230627094318)
  [1m[36mTRANSACTION (0.2ms)[0m  [1m[35mBEGIN[0m
  [1m[35m (10.2ms)[0m  [1m[35mCREATE TABLE "groups" ("id" bigserial primary key, "name" character varying, "created_at" timestamp(6) NOT NULL, "updated_at" timestamp(6) NOT NULL)[0m
  [1m[36mActiveRecord::SchemaMigration Create (0.3ms)[0m  [1m[32mINSERT INTO "schema_migrations" ("version") VALUES ($1) RETURNING "version"[0m  [["version", "20230627094318"]]
  [1m[36mTRANSACTION (1.4ms)[0m  [1m[35mCOMMIT[0m
Migrating to CreateMemberships (20230627094329)
  [1m[36mTRANSACTION (0.2ms)[0m  [1m[35mBEGIN[0m
  [1m[35m (5.2ms)[0m  [1m[35mCREATE TABLE "memberships" ("id" bigserial primary key, "user_id" bigint NOT NULL, "group_id" bigint NOT NULL, "created_at" timestamp(6) NOT NULL, "updated_at" timestamp(6) NOT NULL, CONSTRAINT "fk_rails_99326fb65d"
FOREIGN KEY ("user_id")
  REFERENCES "users" ("id")
, CONSTRAINT "fk_rails_aaf389f138"
FOREIGN KEY ("group_id")
  REFERENCES "groups" ("id")
)[0m
  [1m[35m (2.9ms)[0m  [1m[35mCREATE INDEX "index_memberships_on_user_id" ON "memberships" ("user_id")[0m
  [1m[35m (4.9ms)[0m  [1m[35mCREATE INDEX "index_memberships_on_group_id" ON "memberships" ("group_id")[0m
  [1m[36mActiveRecord::SchemaMigration Create (0.3ms)[0m  [1m[32mINSERT INTO "schema_migrations" ("version") VALUES ($1) RETURNING "version"[0m  [["version", "20230627094329"]]
  [1m[36mTRANSACTION (3.0ms)[0m  [1m[35mCOMMIT[0m
Migrating to CreateShoppingLists (20230627094340)
  [1m[36mTRANSACTION (0.2ms)[0m  [1m[35mBEGIN[0m
  [1m[35m (7.2ms)[0m  [1m[35mCREATE TABLE "shopping_lists" ("id" bigserial primary key, "user_id" bigint NOT NULL, "created_at" timestamp(6) NOT NULL, "updated_at" timestamp(6) NOT NULL, CONSTRAINT "fk_rails_206c06401d"
FOREIGN KEY ("user_id")
  REFERENCES "users" ("id")
)[0m
  [1m[35m (5.4ms)[0m  [1m[35mCREATE INDEX "index_shopping_lists_on_user_id" ON "shopping_lists" ("user_id")[0m
  [1m[36mActiveRecord::SchemaMigration Create (0.5ms)[0m  [1m[32mINSERT INTO "schema_migrations" ("version") VALUES ($1) RETURNING "version"[0m  [["version", "20230627094340"]]
  [1m[36mTRANSACTION (2.9ms)[0m  [1m[35mCOMMIT[0m
Migrating to CreateFoodItems (20230627094344)
  [1m[36mTRANSACTION (0.2ms)[0m  [1m[35mBEGIN[0m
  [1m[35m (12.3ms)[0m  [1m[35mCREATE TABLE "food_items" ("id" bigserial primary key, "name" character varying, "quantity" integer, "price" decimal, "shopping_list_id" bigint NOT NULL, "created_at" timestamp(6) NOT NULL, "updated_at" timestamp(6) NOT NULL, CONSTRAINT "fk_rails_20228d56e0"
FOREIGN KEY ("shopping_list_id")
  REFERENCES "shopping_lists" ("id")
)[0m
  [1m[35m (4.9ms)[0m  [1m[35mCREATE INDEX "index_food_items_on_shopping_list_id" ON "food_items" ("shopping_list_id")[0m
  [1m[36mActiveRecord::SchemaMigration Create (0.3ms)[0m  [1m[32mINSERT INTO "schema_migrations" ("version") VALUES ($1) RETURNING "version"[0m  [["version", "20230627094344"]]
  [1m[36mTRANSACTION (1.4ms)[0m  [1m[35mCOMMIT[0m
  [1m[36mActiveRecord::InternalMetadata Load (0.8ms)[0m  [1m[34mSELECT "ar_internal_metadata".* FROM "ar_internal_metadata" WHERE "ar_internal_metadata"."key" = $1 LIMIT $2[0m  [["key", "environment"], ["LIMIT", 1]]
  [1m[35m (0.3ms)[0m  [1m[34mSELECT pg_advisory_unlock(8272370091435100875)[0m
  [1m[36mActiveRecord::SchemaMigration Pluck (0.5ms)[0m  [1m[34mSELECT "schema_migrations"."version" FROM "schema_migrations" ORDER BY "schema_migrations"."version" ASC[0m
